<?xml version="1.0" encoding="UTF-8"?>
<!-- Generated by org.testng.reporters.JUnitXMLReporter -->
<testsuite ignored="0" hostname="LAPTOP-OLQ9GVDM" failures="0" tests="4" name="Submit Order test" time="70.186" errors="0" timestamp="2024-10-18T23:13:16 IST">
  <testcase classname="Ecomerce.SeleniumDesign.Submittest" name="submitOrder" time="16.825"/>
  <testcase classname="Ecomerce.SeleniumDesign.Submittest" name="submitOrder" time="17.17"/>
  <testcase classname="Ecomerce.SeleniumDesign.Submittest" name="orderhistory" time="2.075"/>
  <testcase classname="Ecomerce.SeleniumDesign.Submittest" name="orderhistory" time="2.404"/>
</testsuite> <!-- Submit Order test -->
