<?xml version="1.0" encoding="UTF-8"?>
<!-- Generated by org.testng.reporters.JUnitXMLReporter -->
<testsuite ignored="0" hostname="LAPTOP-OLQ9GVDM" failures="0" tests="2" name="Error validation  test" time="39.571" errors="0" timestamp="2024-10-19T22:52:37 IST">
  <testcase classname="Ecomerce.SeleniumDesign.ErrorValidation" name="validateCartProduct" time="17.12"/>
  <testcase classname="Ecomerce.SeleniumDesign.ErrorValidation" name="validateLoginDetails" time="0.914"/>
</testsuite> <!-- Error validation  test -->
