<?xml version="1.0" encoding="UTF-8"?>
<!-- Generated by org.testng.reporters.JUnitXMLReporter -->
<testsuite ignored="2" hostname="LAPTOP-OLQ9GVDM" failures="0" tests="0" time="0.029" errors="0" timestamp="2024-10-19T01:42:07 IST">
  <testcase classname="Ecomerce.SeleniumDesign.ErrorValidation" name="validateLoginDetails" time="0.0">
    <ignored/>
  </testcase> <!-- validateLoginDetails -->
  <testcase classname="Ecomerce.SeleniumDesign.ErrorValidation" name="validateCartProduct" time="0.0">
    <ignored/>
  </testcase> <!-- validateCartProduct -->
</testsuite>
