<?xml version="1.0" encoding="UTF-8"?>
<!-- Generated by org.testng.reporters.JUnitXMLReporter -->
<testsuite ignored="0" hostname="LAPTOP-OLQ9GVDM" failures="0" tests="4" name="Submit Order test" time="61.626" errors="0" timestamp="2024-10-19T22:52:58 IST">
  <testcase classname="Ecomerce.SeleniumDesign.Submittest" name="submitOrder" time="18.301"/>
  <testcase classname="Ecomerce.SeleniumDesign.Submittest" name="submitOrder" time="5.001"/>
  <testcase classname="Ecomerce.SeleniumDesign.Submittest" name="orderhistory" time="1.864"/>
  <testcase classname="Ecomerce.SeleniumDesign.Submittest" name="orderhistory" time="1.753"/>
</testsuite> <!-- Submit Order test -->
