<?xml version="1.0" encoding="UTF-8"?>
<testsuite xmlns:xsi="http://www.w3.org/2001/XMLSchema-instance" xsi:noNamespaceSchemaLocation="https://maven.apache.org/surefire/maven-surefire-plugin/xsd/surefire-test-report.xsd" version="3.0.2" name="TestSuite" time="63.693" tests="6" errors="0" skipped="0" failures="0">
  <properties>
[...]
</properties>
  <testcase name="validateCartProduct" classname="Ecomerce.SeleniumDesign.ErrorValidation" time="18.031">
    <system-out><![CDATA[Cart product validation test passed
Ordered is placed
]]></system-out>
    <system-err><![CDATA[SLF4J: Failed to load class "org.slf4j.impl.StaticLoggerBinder".
SLF4J: Defaulting to no-operation (NOP) logger implementation
SLF4J: See http://www.slf4j.org/codes.html#StaticLoggerBinder for further details.
Oct 19, 2024 10:52:00 PM org.openqa.selenium.devtools.CdpVersionFinder findNearestMatch
WARNING: Unable to find an exact match for CDP version 130, returning the closest version; found: 129; Please update to a Selenium version that supports CDP version 130
Oct 19, 2024 10:52:00 PM org.openqa.selenium.devtools.CdpVersionFinder findNearestMatch
WARNING: Unable to find an exact match for CDP version 130, returning the closest version; found: 129; Please update to a Selenium version that supports CDP version 130
]]></system-err>
  </testcase>
  <testcase name="validateLoginDetails" classname="Ecomerce.SeleniumDesign.ErrorValidation" time="5.344">
    <system-out><![CDATA[Login error validation test passed
Ordered is placed
]]></system-out>
    <system-err><![CDATA[Oct 19, 2024 10:52:25 PM org.openqa.selenium.devtools.CdpVersionFinder findNearestMatch
WARNING: Unable to find an exact match for CDP version 130, returning the closest version; found: 129; Please update to a Selenium version that supports CDP version 130
Oct 19, 2024 10:52:26 PM org.openqa.selenium.devtools.CdpVersionFinder findNearestMatch
WARNING: Unable to find an exact match for CDP version 130, returning the closest version; found: 129; Please update to a Selenium version that supports CDP version 130
]]></system-err>
  </testcase>
  <testcase name="submitOrder[{password=Twinkle@1404, email=twinkleshirsath@gmail.com, products=ZARA COAT 3}](1)" classname="Ecomerce.SeleniumDesign.Submittest" time="18.855"/>
  <testcase name="submitOrder[{password=Tanu@123, email=tanushreeshirsath@gmail.com, products=ADIDAS ORIGINAL}](2)" classname="Ecomerce.SeleniumDesign.Submittest" time="6.316"/>
  <testcase name="orderhistory[{password=Twinkle@1404, email=twinkleshirsath@gmail.com, products=ZARA COAT 3}](1)" classname="Ecomerce.SeleniumDesign.Submittest" time="2.818">
    <system-out><![CDATA[on the order page 
Verfiy producst order page 
true
Order verified in history for: twinkleshirsath@gmail.com
]]></system-out>
    <system-err><![CDATA[Oct 19, 2024 10:52:40 PM org.openqa.selenium.devtools.CdpVersionFinder findNearestMatch
WARNING: Unable to find an exact match for CDP version 130, returning the closest version; found: 129; Please update to a Selenium version that supports CDP version 130
]]></system-err>
  </testcase>
  <testcase name="orderhistory[{password=Tanu@123, email=tanushreeshirsath@gmail.com, products=ADIDAS ORIGINAL}](2)" classname="Ecomerce.SeleniumDesign.Submittest" time="2.603">
    <system-out><![CDATA[on the order page 
Verfiy producst order page 
true
Order verified in history for: tanushreeshirsath@gmail.com
]]></system-out>
    <system-err><![CDATA[Oct 19, 2024 10:52:49 PM org.openqa.selenium.devtools.CdpVersionFinder findNearestMatch
WARNING: Unable to find an exact match for CDP version 130, returning the closest version; found: 129; Please update to a Selenium version that supports CDP version 130
]]></system-err>
  </testcase>
</testsuite>